<?xml version="1.0" encoding="UTF-8"?>
<!-- Generated by org.testng.reporters.JUnitReportReporter -->
<testsuite skipped="0" hostname="DESKTOP-5VNHGGK" name="com.Test_Ng.Data_Provider_Class" tests="3" failures="0" timestamp="2021-05-08T15:30:51 IST" time="0.008" errors="0">
  <testcase name="Credentials" time="0.001" classname="com.Test_Ng.Data_Provider_Class"/>
  <system-out/>
  <testcase name="Credentials" time="0.001" classname="com.Test_Ng.Data_Provider_Class"/>
  <system-out/>
  <testcase name="Credentials" time="0.006" classname="com.Test_Ng.Data_Provider_Class"/>
  <system-out/>
</testsuite> <!-- com.Test_Ng.Data_Provider_Class -->
