<?xml version="1.0" encoding="UTF-8"?>
<!-- Generated by org.testng.reporters.JUnitReportReporter -->
<testsuite skipped="1" hostname="DESKTOP-5VNHGGK" name="com.Test_Ng.IgnoreClass" tests="2" failures="0" timestamp="2021-05-07T20:48:57 IST" time="0.006" errors="0">
  <testcase name="menShoe" time="0.006" classname="com.Test_Ng.IgnoreClass"/>
  <system-out/>
  <testcase name="menSocks" classname="com.Test_Ng.IgnoreClass">
    <skipped/>
  </testcase> <!-- menSocks -->
  <system-out/>
</testsuite> <!-- com.Test_Ng.IgnoreClass -->
