<?xml version="1.0" encoding="UTF-8"?>
<!-- Generated by org.testng.reporters.JUnitReportReporter -->
<testsuite skipped="0" hostname="DESKTOP-5VNHGGK" name="com.Test_Ng.Validation_HardAssert" tests="1" failures="0" timestamp="2021-05-10T09:48:02 IST" time="0.000" errors="0">
  <testcase name="HardAssert3" time="0.000" classname="com.Test_Ng.Validation_HardAssert"/>
  <system-out/>
</testsuite> <!-- com.Test_Ng.Validation_HardAssert -->
