<?xml version="1.0" encoding="UTF-8"?>
<!-- Generated by org.testng.reporters.JUnitReportReporter -->
<testsuite skipped="0" hostname="DESKTOP-5VNHGGK" name="com.Test_Ng.Simple_Annotation" tests="4" failures="0" timestamp="2021-05-08T14:01:30 IST" time="0.019" errors="0">
  <testcase name="menPant" time="0.003" classname="com.Test_Ng.Simple_Annotation"/>
  <system-out/>
  <testcase name="menInners" time="0.006" classname="com.Test_Ng.Simple_Annotation"/>
  <system-out/>
  <testcase name="menShirt" time="0.003" classname="com.Test_Ng.Simple_Annotation"/>
  <system-out/>
  <testcase name="menShoe" time="0.007" classname="com.Test_Ng.Simple_Annotation"/>
  <system-out/>
</testsuite> <!-- com.Test_Ng.Simple_Annotation -->
