<?xml version="1.0" encoding="UTF-8"?>
<!-- Generated by org.testng.reporters.JUnitReportReporter -->
<testsuite skipped="0" hostname="DESKTOP-5VNHGGK" name="com.Test_Ng.GroupsOfGroups" tests="5" failures="0" timestamp="2021-05-08T14:35:48 IST" time="0.029" errors="0">
  <testcase name="laptop" time="0.016" classname="com.Test_Ng.GroupsOfGroups"/>
  <system-out/>
  <testcase name="menShirt" time="0.013" classname="com.Test_Ng.GroupsOfGroups"/>
  <system-out/>
  <testcase name="mobile" time="0.000" classname="com.Test_Ng.GroupsOfGroups"/>
  <system-out/>
  <testcase name="menInners" time="0.000" classname="com.Test_Ng.GroupsOfGroups"/>
  <system-out/>
  <testcase name="menPant" time="0.000" classname="com.Test_Ng.GroupsOfGroups"/>
  <system-out/>
</testsuite> <!-- com.Test_Ng.GroupsOfGroups -->
