<?xml version="1.0" encoding="UTF-8"?>
<!-- Generated by org.testng.reporters.JUnitReportReporter -->
<testsuite skipped="0" hostname="DESKTOP-5VNHGGK" name="com.Test_Ng.SingleSet_Parametrized" tests="1" failures="0" timestamp="2021-05-08T14:45:17 IST" time="0.016" errors="0">
  <testcase name="credentials" time="0.016" classname="com.Test_Ng.SingleSet_Parametrized"/>
  <system-out/>
</testsuite> <!-- com.Test_Ng.SingleSet_Parametrized -->
